[debug] [2022-11-03T13:28:06.815Z] ----------------------------------------------------------------------
[debug] [2022-11-03T13:28:06.817Z] Command:       C:\Program Files\nodejs\node.exe C:\Users\Abdullah\AppData\Roaming\npm\node_modules\firebase-tools\lib\bin\firebase.js init
[debug] [2022-11-03T13:28:06.817Z] CLI Version:   11.16.0
[debug] [2022-11-03T13:28:06.817Z] Platform:      win32
[debug] [2022-11-03T13:28:06.817Z] Node Version:  v16.15.1
[debug] [2022-11-03T13:28:06.818Z] Time:          Thu Nov 03 2022 19:28:06 GMT+0600 (Bangladesh Standard Time)
[debug] [2022-11-03T13:28:06.818Z] ----------------------------------------------------------------------
[debug] 
[debug] [2022-11-03T13:28:06.880Z] > command requires scopes: ["email","openid","https://www.googleapis.com/auth/cloudplatformprojects.readonly","https://www.googleapis.com/auth/firebase","https://www.googleapis.com/auth/cloud-platform"]
[debug] [2022-11-03T13:28:06.881Z] > authorizing via signed-in user (abdullahemon905@gmail.com)
[info] 
     ######## #### ########  ######## ########     ###     ######  ########
     ##        ##  ##     ## ##       ##     ##  ##   ##  ##       ##
     ######    ##  ########  ######   ########  #########  ######  ######
     ##        ##  ##    ##  ##       ##     ## ##     ##       ## ##
     ##       #### ##     ## ######## ########  ##     ##  ######  ########

You're about to initialize a Firebase project in this directory:

  D:\Users\Abdullah\Desktop\Programming Backend\Day 6 ema john pagination and load data\ema-john-client

Before we get started, keep in mind:

  * You are initializing within an existing Firebase project directory

[info] 
=== Project Setup
[info] 
[info] First, let's associate this project directory with a Firebase project.
[info] You can create multiple project aliases by running firebase use --add, 
[info] but for now we'll just set up a default project.
[info] 
[debug] [2022-11-03T13:28:28.007Z] Using project from CLI flag: ema-john-simple-a7a92
[debug] [2022-11-03T13:28:28.009Z] >>> [apiv2][query] GET https://firebase.googleapis.com/v1beta1/projects/ema-john-simple-a7a92 [none]
[debug] [2022-11-03T13:28:28.644Z] <<< [apiv2][status] GET https://firebase.googleapis.com/v1beta1/projects/ema-john-simple-a7a92 403
[debug] [2022-11-03T13:28:28.644Z] <<< [apiv2][body] GET https://firebase.googleapis.com/v1beta1/projects/ema-john-simple-a7a92 {"error":{"code":403,"message":"The caller does not have permission","status":"PERMISSION_DENIED"}}
[debug] [2022-11-03T13:28:28.645Z] HTTP Error: 403, The caller does not have permission
[debug] [2022-11-03T13:28:28.920Z] FirebaseError: HTTP Error: 403, The caller does not have permission
    at responseToError (C:\Users\Abdullah\AppData\Roaming\npm\node_modules\firebase-tools\lib\responseToError.js:49:12)
    at RetryOperation._fn (C:\Users\Abdullah\AppData\Roaming\npm\node_modules\firebase-tools\lib\apiv2.js:288:77)
    at processTicksAndRejections (node:internal/process/task_queues:96:5)
[error] 
[error] Error: Failed to get Firebase project ema-john-simple-a7a92. Please make sure the project exists and your account has permission to access it.
